[62399][1582478066632][main][info]["Booting Postman 7.18.1, linux-5.5.5-arch1-1 on x64"]
[62399][1582478066643][main][info]["EventBus~initialize - Success"]
[62399][1582478066667][main][info]["UpdateHandler~init - Success"]
[62399][1582478066671][main][info]["RuntimeExecutionService~initialized: Success"]
[62399][1582478066675][main][info]["LinuxAutoUpdater~Cleanup - Initial cleanup successful"]
[62399][1582478068056][main][error]["main~makeSingleInstance: Could not get waterline model for window. ORM not initialized."]
[62399][1582478068072][main][warn]["WindowManager~newRequesterWindow - Bailing requester window creation as shared is not booted!"]
[62399][1582478068072][main][error]["main~makeSingleInstance: New Requester window instance not found"]
[62399][1582478070036][main][info]["Bootstrap-models~bootstrap - Success"]
[62399][1582478073646][main][info]["window-manager~newSharedWindow: Shell loaded"]
[62399][1582478086416][main][info]["Main~AppEvents - Received booted event for process shared"]
[62399][1582478088208][main][info]["Quitting app"]
[62889][1582478220724][main][info]["Booting Postman 7.18.1, linux-5.5.5-arch1-1 on x64"]
[62889][1582478220742][main][info]["EventBus~initialize - Success"]
[62889][1582478220765][main][info]["UpdateHandler~init - Success"]
[62889][1582478220770][main][info]["RuntimeExecutionService~initialized: Success"]
[62889][1582478220774][main][info]["LinuxAutoUpdater~Cleanup - Initial cleanup successful"]
[62889][1582478221404][main][info]["Bootstrap-models~bootstrap - Success"]
[62889][1582478222300][main][info]["window-manager~newSharedWindow: Shell loaded"]
[62889][1582478226318][main][info]["Main~AppEvents - Received booted event for process shared"]
[62889][1582478231464][main][info]["UpdateHandler~app-update-events - Received event",{"name":"checkForElectronVersionUpdated","namespace":"appUpdate"}]
[62889][1582478231489][main][info]["Main~AppEvents - Received booted event for process requester"]
[62889][1582478613509][main][info]["WindowManager~closeHandler - Closed Window (id: 4 )"]
[62889][1582478613555][main][info]["Quitting app"]
