[62889][1582478230582][requester][info]["EventBus~initialize - Success"]
[62889][1582478230592][requester][info]["Messaging~boot - Success"]
[62889][1582478230695][requester][info]["bootCrashReporter~ Success"]
[62889][1582478230700][requester][info]["Telemetry~boot - Success"]
[62889][1582478230704][requester][info]["bootConfigurations~initialize - Success"]
[62889][1582478230728][requester][info]["Settings~boot - Success"]
[62889][1582478230925][requester][info]["bootstrapModels - Success"]
[62889][1582478230925][requester][info]["WLModels~boot - Success"]
[62889][1582478231315][requester][info]["Session~boot - Success"]
[62889][1582478231329][requester][info]["IndependentServices~boot - Success"]
[62889][1582478231365][requester][info]["AppModels~boot - Success"]
[62889][1582478231366][requester][info]["RuntimeListeners~boot- Success"]
[62889][1582478231367][requester][info]["DBWatcher~boot - Success"]
[62889][1582478231375][requester][info]["ThemeManager~boot - Success"]
[62889][1582478231376][requester][info]["Store~boot - Success"]
[62889][1582478231379][requester][info]["Shortcuts~boot - Success"]
[62889][1582478231381][requester][info]["SyncProxy~boot - Success"]
[62889][1582478231455][requester][info]["NewConsole~boot - Success"]
[62889][1582478231457][requester][info]["APIDevInterface~boot - Success"]
[62889][1582478231478][requester][info]["Requester~boot - Success"]
[62889][1582478231479][requester][info]["booted - requester"]
[62889][1582478235373][requester][warn]["FeatureFlagsStore~updateFlags: Could not find feature flags",{"error":{"message":"SyncRequestService\\x7erequestListener: Could not fetch from sync. Socket not connected."}}]
[62889][1582478406480][requester][warn]["Failed to subscribe to workspace for all APIs",{"name":"Error","message":"","stack":"Error\n    at SafeSubscriber.realtimeRequest$.pipe.subscribe.event [as _next] (file:///opt/postman/app/resources/app/js/vendor-shared.js:459381:24)\n    at SafeSubscriber.__tryOrUnsub (file:///opt/postman/app/resources/app/js/vendor-shared.js:41999:16)\n    at SafeSubscriber.next (file:///opt/postman/app/resources/app/js/vendor-shared.js:41937:22)\n    at Subscriber._next (file:///opt/postman/app/resources/app/js/vendor-shared.js:41880:26)\n    at Subscriber.next (file:///opt/postman/app/resources/app/js/vendor-shared.js:41857:18)\n    at FilterSubscriber._next (file:///opt/postman/app/resources/app/js/vendor-shared.js:146364:30)\n    at FilterSubscriber.Subscriber.next (file:///opt/postman/app/resources/app/js/vendor-shared.js:41857:18)\n    at RefCountSubscriber.Subscriber._next (file:///opt/postman/app/resources/app/js/vendor-shared.js:41880:26)\n    at RefCountSubscriber.Subscriber.next (file:///opt/postman/app/resources/app/js/vendor-shared.js:41857:18)\n    at Subject.next (file:///opt/postman/app/resources/app/js/vendor-shared.js:76924:25)\n    at ConnectableSubscriber.Subscriber._next (file:///opt/postman/app/resources/app/js/vendor-shared.js:41880:26)\n    at ConnectableSubscriber.Subscriber.next (file:///opt/postman/app/resources/app/js/vendor-shared.js:41857:18)\n    at EventEmitter.realtimeRequestBus.subscribe.event (file:///opt/postman/app/resources/app/js/vendor-shared.js:459328:14)\n    at EventEmitter.emit (file:///opt/postman/app/resources/app/js/vendor-shared.js:50169:5)\n    at _dispatch (file:///opt/postman/app/resources/app/js/vendor-shared.js:144770:14)\n    at EventEmitter.<anonymous> (file:///opt/postman/app/resources/app/js/vendor-shared.js:144780:9)\n    at EventEmitter.emit (events.js:182:13)"}]
[62889][1582478406565][requester][warn]["APIDevService~getAPIs: Failed to get APIs.",{"error":{"message":"SyncRequestService\\x7erequestListener: Could not fetch from sync. Socket not connected."}}]
[62889][1582478406573][requester][warn]["Failed to refresh API List",{"error":{"message":"SyncRequestService\\x7erequestListener: Could not fetch from sync. Socket not connected."}}]
[62889][1582478407548][requester][warn]["FeatureFlagsStore~updateFlags: Could not find feature flags",{"error":{"message":"SyncRequestService\\x7erequestListener: Could not fetch from sync. Socket not connected."}}]
