[62399][1582478083032][shared][info]["EventBus~initialize - Success"]
[62399][1582478083039][shared][info]["Messaging~boot - Success"]
[62399][1582478083063][shared][info]["bootCrashReporter~ Success"]
[62399][1582478083065][shared][info]["Telemetry~boot - Success"]
[62399][1582478083067][shared][info]["bootConfigurations~initialize - Success"]
[62399][1582478083079][shared][info]["Settings~boot - Success"]
[62399][1582478083080][shared][info]["Migrations: Starting migrations"]
[62399][1582478083080][shared][info]["Migrations: Walking migration","0000_initial"]
[62399][1582478083081][shared][info]["Migrations: Walking migration","0001_add_archived_resources_table"]
[62399][1582478083081][shared][info]["Migrations: Walking migration","0002_add_variable_sessions_table"]
[62399][1582478083082][shared][info]["Migrations: Walking migration","0003_add_editor_tables"]
[62399][1582478083082][shared][info]["Migrations: Walking migration","0004_migrate_ws_session_data"]
[62399][1582478083083][shared][info]["Migrations: Walking migration","0005_cleanup_request_response_and_history_body"]
[62399][1582478083083][shared][info]["Migrations: Walking migration","0006_add_dbp_to_request_response_and_history"]
[62399][1582478083083][shared][info]["Migrations: Walking migration","0007_add_sync_client_buckets_by_order_id_table"]
[62399][1582478083083][shared][info]["Migrations: Walking migration","0008_migrate_to_sync_client_buckets_by_order_id"]
[62399][1582478083084][shared][info]["Migrations: Walking migration","0009_remove_sync_client_buckets_table"]
[62399][1582478083084][shared][info]["Migrations: Walking migration","0010_add_history_owner"]
[62399][1582478083084][shared][info]["Migrations: Walking migration","0011_add_history_response_table"]
[62399][1582478083085][shared][info]["Migrations: Walking migration","0012_add_user_data_table"]
[62399][1582478083085][shared][info]["Migrations: Walking migration","0013_sanitize_request_response_and_history_methods"]
[62399][1582478083086][shared][info]["Migrations: Walking migration","0014_sanitize_response_requestobject_rawmodedata"]
[62399][1582478083086][shared][info]["Migrations: Walking migration","0015_add_favorited_collections_table"]
[62399][1582478083086][shared][info]["Migrations: Walking migration","0016_add_permission_table"]
[62399][1582478083086][shared][info]["Migrations: Walking migration","0017_add_user_preferences_table"]
[62399][1582478083086][shared][info]["Migrations: Walking migration","0018_index_header_presets"]
[62399][1582478083087][shared][info]["Migrations: Walking migration","0019_migrate_favorite_collections_data"]
[62399][1582478083088][shared][info]["Migrations: Walking migration","0020_migrate_sync_client_revision"]
[62399][1582478083088][shared][info]["Migrations: Walking migration","0021_clear_permissions"]
[62399][1582478083088][shared][info]["Migrations: Walking migration","0022_add_workspace_header_presets"]
[62399][1582478083088][shared][info]["Migrations: Walking migration","0023_remove_collection_permissions_and_shared"]
[62399][1582478083088][shared][info]["Migrations: Walking migration","0024_add_console_timelines_table"]
[62399][1582478083088][shared][info]["Migrations: Walking migration","0025_add_console_events_table"]
[62399][1582478083089][shared][info]["Migrations: Walking migration","0026_index_console_events"]
[62399][1582478083089][shared][info]["Migrations: Walking migration","0027_add_console_blob_table"]
[62399][1582478083089][shared][info]["Migrations: Walking migration","0028_add_runner_data_table"]
[62399][1582478083090][shared][info]["Migrations: Walking migration","0029_add_api_schema_table"]
[62399][1582478083090][shared][info]["Migrations: Walking migration","0030_migrate_collection_runs"]
[62399][1582478083090][shared][info]["Migrations: Walking migration","0031_add_api_relation_table"]
[62399][1582478083090][shared][info]["Migrations: Starting migration","0000_initial"]
[62399][1582478083090][shared][info]["Migrations: Setting context before starting migration","0000_initial",{"0000_initial":"started"}]
[62399][1582478083091][shared][info]["Migrations: Applying migration","0000_initial"]
[62399][1582478083091][shared][info]["Migrations: Upgrading IndexedDB to version","0000_initial",1]
[62399][1582478083094][shared][info]["Migrations: Adding pending commit to queue","0000_initial"]
[62399][1582478083094][shared][info]["Migrations: Starting migration","0001_add_archived_resources_table"]
[62399][1582478083094][shared][info]["Migrations: Setting context before starting migration","0001_add_archived_resources_table",{"0000_initial":"started","0001_add_archived_resources_table":"started"}]
[62399][1582478083095][shared][info]["Migrations: Applying migration","0001_add_archived_resources_table"]
[62399][1582478083095][shared][info]["Migrations: Upgrading IndexedDB to version","0001_add_archived_resources_table",2]
[62399][1582478083098][shared][info]["Migrations: Adding pending commit to queue","0001_add_archived_resources_table"]
[62399][1582478083098][shared][info]["Migrations: Starting migration","0002_add_variable_sessions_table"]
[62399][1582478083098][shared][info]["Migrations: Setting context before starting migration","0002_add_variable_sessions_table",{"0000_initial":"started","0001_add_archived_resources_table":"started","0002_add_variable_sessions_table":"started"}]
[62399][1582478083099][shared][info]["Migrations: Applying migration","0002_add_variable_sessions_table"]
[62399][1582478083099][shared][info]["Migrations: Upgrading IndexedDB to version","0002_add_variable_sessions_table",3]
[62399][1582478083100][shared][info]["Migrations: Adding pending commit to queue","0002_add_variable_sessions_table"]
[62399][1582478083100][shared][info]["Migrations: Starting migration","0003_add_editor_tables"]
[62399][1582478083101][shared][info]["Migrations: Setting context before starting migration","0003_add_editor_tables",{"0000_initial":"started","0001_add_archived_resources_table":"started","0002_add_variable_sessions_table":"started","0003_add_editor_tables":"started"}]
[62399][1582478083101][shared][info]["Migrations: Applying migration","0003_add_editor_tables"]
[62399][1582478083101][shared][info]["Migrations: Upgrading IndexedDB to version","0003_add_editor_tables",4]
[62399][1582478083103][shared][info]["Migrations: Adding pending commit to queue","0003_add_editor_tables"]
[62399][1582478083103][shared][info]["Migrations: Starting migration","0004_migrate_ws_session_data"]
[62399][1582478083103][shared][info]["Migrations: Flushing pending migrations for","0004_migrate_ws_session_data"]
[62399][1582478083104][shared][info]["Migrations: Flushing pending commit for type","IndexeddbSchemaMigration"]
[62399][1582478083104][shared][info]["Migrations: Committing IndexedDB upgrade"]
[62399][1582478083441][shared][info]["Migrations: Updating status in migration context",{"0000_initial":"started","0001_add_archived_resources_table":"started","0002_add_variable_sessions_table":"started","0003_add_editor_tables":"started"}]
[62399][1582478083442][shared][info]["Migrations: Updated status in migration context",{"0000_initial":"finished","0001_add_archived_resources_table":"finished","0002_add_variable_sessions_table":"finished","0003_add_editor_tables":"finished"}]
[62399][1582478083443][shared][info]["Migrations: Setting context before starting migration","0004_migrate_ws_session_data",{"0000_initial":"finished","0001_add_archived_resources_table":"finished","0002_add_variable_sessions_table":"finished","0003_add_editor_tables":"finished","0004_migrate_ws_session_data":"started"}]
[62399][1582478083443][shared][info]["Migrations: Applying migration","0004_migrate_ws_session_data"]
[62399][1582478083443][shared][info]["Migrations: Processing IndexedDB data migration","0004_migrate_ws_session_data"]
[62399][1582478083490][shared][info]["Migration~Tabs: Starting migration"]
[62399][1582478083585][shared][info]["Migration~Tabs: Completed transformation"]
[62399][1582478083587][shared][info]["Migration~Tabs: Creating editors"]
[62399][1582478083591][shared][info]["Migration~Tabs: Creating editor models"]
[62399][1582478083643][shared][info]["Migrations: Saving migration context after completion","0004_migrate_ws_session_data",{"0000_initial":"finished","0001_add_archived_resources_table":"finished","0002_add_variable_sessions_table":"finished","0003_add_editor_tables":"finished","0004_migrate_ws_session_data":"started"}]
[62399][1582478083644][shared][info]["Migrations: Starting migration","0005_cleanup_request_response_and_history_body"]
[62399][1582478083645][shared][info]["Migrations: Flushing pending migrations for","0005_cleanup_request_response_and_history_body"]
[62399][1582478083645][shared][info]["Migrations: Updating status in migration context",{"0000_initial":"finished","0001_add_archived_resources_table":"finished","0002_add_variable_sessions_table":"finished","0003_add_editor_tables":"finished","0004_migrate_ws_session_data":"finished"}]
[62399][1582478083646][shared][info]["Migrations: Updated status in migration context",{"0000_initial":"finished","0001_add_archived_resources_table":"finished","0002_add_variable_sessions_table":"finished","0003_add_editor_tables":"finished","0004_migrate_ws_session_data":"finished"}]
[62399][1582478083648][shared][info]["Migrations: Setting context before starting migration","0005_cleanup_request_response_and_history_body",{"0000_initial":"finished","0001_add_archived_resources_table":"finished","0002_add_variable_sessions_table":"finished","0003_add_editor_tables":"finished","0004_migrate_ws_session_data":"finished","0005_cleanup_request_response_and_history_body":"started"}]
[62399][1582478083649][shared][info]["Migrations: Applying migration","0005_cleanup_request_response_and_history_body"]
[62399][1582478083649][shared][info]["Migrations: Processing IndexedDB data migration","0005_cleanup_request_response_and_history_body"]
[62399][1582478083750][shared][info]["Migrations: Saving migration context after completion","0005_cleanup_request_response_and_history_body",{"0000_initial":"finished","0001_add_archived_resources_table":"finished","0002_add_variable_sessions_table":"finished","0003_add_editor_tables":"finished","0004_migrate_ws_session_data":"finished","0005_cleanup_request_response_and_history_body":"started"}]
[62399][1582478083752][shared][info]["Migrations: Starting migration","0006_add_dbp_to_request_response_and_history"]
[62399][1582478083753][shared][info]["Migrations: Flushing pending migrations for","0006_add_dbp_to_request_response_and_history"]
[62399][1582478083753][shared][info]["Migrations: Updating status in migration context",{"0000_initial":"finished","0001_add_archived_resources_table":"finished","0002_add_variable_sessions_table":"finished","0003_add_editor_tables":"finished","0004_migrate_ws_session_data":"finished","0005_cleanup_request_response_and_history_body":"finished"}]
[62399][1582478083754][shared][info]["Migrations: Updated status in migration context",{"0000_initial":"finished","0001_add_archived_resources_table":"finished","0002_add_variable_sessions_table":"finished","0003_add_editor_tables":"finished","0004_migrate_ws_session_data":"finished","0005_cleanup_request_response_and_history_body":"finished"}]
[62399][1582478083754][shared][info]["Migrations: Setting context before starting migration","0006_add_dbp_to_request_response_and_history",{"0000_initial":"finished","0001_add_archived_resources_table":"finished","0002_add_variable_sessions_table":"finished","0003_add_editor_tables":"finished","0004_migrate_ws_session_data":"finished","0005_cleanup_request_response_and_history_body":"finished","0006_add_dbp_to_request_response_and_history":"started"}]
[62399][1582478083754][shared][info]["Migrations: Applying migration","0006_add_dbp_to_request_response_and_history"]
[62399][1582478083754][shared][info]["Migrations: Processing IndexedDB data migration","0006_add_dbp_to_request_response_and_history"]
[62399][1582478083818][shared][info]["Migrations: Saving migration context after completion","0006_add_dbp_to_request_response_and_history",{"0000_initial":"finished","0001_add_archived_resources_table":"finished","0002_add_variable_sessions_table":"finished","0003_add_editor_tables":"finished","0004_migrate_ws_session_data":"finished","0005_cleanup_request_response_and_history_body":"finished","0006_add_dbp_to_request_response_and_history":"started"}]
[62399][1582478083818][shared][info]["Migrations: Starting migration","0007_add_sync_client_buckets_by_order_id_table"]
[62399][1582478083819][shared][info]["Migrations: Setting context before starting migration","0007_add_sync_client_buckets_by_order_id_table",{"0000_initial":"finished","0001_add_archived_resources_table":"finished","0002_add_variable_sessions_table":"finished","0003_add_editor_tables":"finished","0004_migrate_ws_session_data":"finished","0005_cleanup_request_response_and_history_body":"finished","0006_add_dbp_to_request_response_and_history":"finished","0007_add_sync_client_buckets_by_order_id_table":"started"}]
[62399][1582478083819][shared][info]["Migrations: Applying migration","0007_add_sync_client_buckets_by_order_id_table"]
[62399][1582478083819][shared][info]["Migrations: Upgrading IndexedDB to version","0007_add_sync_client_buckets_by_order_id_table",5]
[62399][1582478083821][shared][info]["Migrations: Adding pending commit to queue","0007_add_sync_client_buckets_by_order_id_table"]
[62399][1582478083821][shared][info]["Migrations: Starting migration","0008_migrate_to_sync_client_buckets_by_order_id"]
[62399][1582478083822][shared][info]["Migrations: Flushing pending migrations for","0008_migrate_to_sync_client_buckets_by_order_id"]
[62399][1582478083822][shared][info]["Migrations: Flushing pending commit for type","IndexeddbSchemaMigration"]
[62399][1582478083822][shared][info]["Migrations: Committing IndexedDB upgrade"]
[62399][1582478083877][shared][info]["Migrations: Updating status in migration context",{"0000_initial":"finished","0001_add_archived_resources_table":"finished","0002_add_variable_sessions_table":"finished","0003_add_editor_tables":"finished","0004_migrate_ws_session_data":"finished","0005_cleanup_request_response_and_history_body":"finished","0006_add_dbp_to_request_response_and_history":"finished","0007_add_sync_client_buckets_by_order_id_table":"started"}]
[62399][1582478083878][shared][info]["Migrations: Updated status in migration context",{"0000_initial":"finished","0001_add_archived_resources_table":"finished","0002_add_variable_sessions_table":"finished","0003_add_editor_tables":"finished","0004_migrate_ws_session_data":"finished","0005_cleanup_request_response_and_history_body":"finished","0006_add_dbp_to_request_response_and_history":"finished","0007_add_sync_client_buckets_by_order_id_table":"finished"}]
[62399][1582478083878][shared][info]["Migrations: Setting context before starting migration","0008_migrate_to_sync_client_buckets_by_order_id",{"0000_initial":"finished","0001_add_archived_resources_table":"finished","0002_add_variable_sessions_table":"finished","0003_add_editor_tables":"finished","0004_migrate_ws_session_data":"finished","0005_cleanup_request_response_and_history_body":"finished","0006_add_dbp_to_request_response_and_history":"finished","0007_add_sync_client_buckets_by_order_id_table":"finished","0008_migrate_to_sync_client_buckets_by_order_id":"started"}]
[62399][1582478083878][shared][info]["Migrations: Applying migration","0008_migrate_to_sync_client_buckets_by_order_id"]
[62399][1582478083878][shared][info]["Migrations: Processing IndexedDB data migration","0008_migrate_to_sync_client_buckets_by_order_id"]
[62399][1582478084007][shared][info]["Migrations: Saving migration context after completion","0008_migrate_to_sync_client_buckets_by_order_id",{"0000_initial":"finished","0001_add_archived_resources_table":"finished","0002_add_variable_sessions_table":"finished","0003_add_editor_tables":"finished","0004_migrate_ws_session_data":"finished","0005_cleanup_request_response_and_history_body":"finished","0006_add_dbp_to_request_response_and_history":"finished","0007_add_sync_client_buckets_by_order_id_table":"finished","0008_migrate_to_sync_client_buckets_by_order_id":"started"}]
[62399][1582478084008][shared][info]["Migrations: Starting migration","0009_remove_sync_client_buckets_table"]
[62399][1582478084008][shared][info]["Migrations: Setting context before starting migration","0009_remove_sync_client_buckets_table",{"0000_initial":"finished","0001_add_archived_resources_table":"finished","0002_add_variable_sessions_table":"finished","0003_add_editor_tables":"finished","0004_migrate_ws_session_data":"finished","0005_cleanup_request_response_and_history_body":"finished","0006_add_dbp_to_request_response_and_history":"finished","0007_add_sync_client_buckets_by_order_id_table":"finished","0008_migrate_to_sync_client_buckets_by_order_id":"finished","0009_remove_sync_client_buckets_table":"started"}]
[62399][1582478084008][shared][info]["Migrations: Applying migration","0009_remove_sync_client_buckets_table"]
[62399][1582478084009][shared][info]["Migrations: Upgrading IndexedDB to version","0009_remove_sync_client_buckets_table",6]
[62399][1582478084011][shared][info]["Migrations: Adding pending commit to queue","0009_remove_sync_client_buckets_table"]
[62399][1582478084012][shared][info]["Migrations: Starting migration","0010_add_history_owner"]
[62399][1582478084012][shared][info]["Migrations: Flushing pending migrations for","0010_add_history_owner"]
[62399][1582478084012][shared][info]["Migrations: Flushing pending commit for type","IndexeddbSchemaMigration"]
[62399][1582478084013][shared][info]["Migrations: Committing IndexedDB upgrade"]
[62399][1582478084097][shared][info]["Migrations: Updating status in migration context",{"0000_initial":"finished","0001_add_archived_resources_table":"finished","0002_add_variable_sessions_table":"finished","0003_add_editor_tables":"finished","0004_migrate_ws_session_data":"finished","0005_cleanup_request_response_and_history_body":"finished","0006_add_dbp_to_request_response_and_history":"finished","0007_add_sync_client_buckets_by_order_id_table":"finished","0008_migrate_to_sync_client_buckets_by_order_id":"finished","0009_remove_sync_client_buckets_table":"started"}]
[62399][1582478084100][shared][info]["Migrations: Updated status in migration context",{"0000_initial":"finished","0001_add_archived_resources_table":"finished","0002_add_variable_sessions_table":"finished","0003_add_editor_tables":"finished","0004_migrate_ws_session_data":"finished","0005_cleanup_request_response_and_history_body":"finished","0006_add_dbp_to_request_response_and_history":"finished","0007_add_sync_client_buckets_by_order_id_table":"finished","0008_migrate_to_sync_client_buckets_by_order_id":"finished","0009_remove_sync_client_buckets_table":"finished"}]
[62399][1582478084101][shared][info]["Migrations: Setting context before starting migration","0010_add_history_owner",{"0000_initial":"finished","0001_add_archived_resources_table":"finished","0002_add_variable_sessions_table":"finished","0003_add_editor_tables":"finished","0004_migrate_ws_session_data":"finished","0005_cleanup_request_response_and_history_body":"finished","0006_add_dbp_to_request_response_and_history":"finished","0007_add_sync_client_buckets_by_order_id_table":"finished","0008_migrate_to_sync_client_buckets_by_order_id":"finished","0009_remove_sync_client_buckets_table":"finished","0010_add_history_owner":"started"}]
[62399][1582478084102][shared][info]["Migrations: Applying migration","0010_add_history_owner"]
[62399][1582478084103][shared][info]["Migrations: Processing IndexedDB data migration","0010_add_history_owner"]
[62399][1582478084228][shared][info]["Migrations: Saving migration context after completion","0010_add_history_owner",{"0000_initial":"finished","0001_add_archived_resources_table":"finished","0002_add_variable_sessions_table":"finished","0003_add_editor_tables":"finished","0004_migrate_ws_session_data":"finished","0005_cleanup_request_response_and_history_body":"finished","0006_add_dbp_to_request_response_and_history":"finished","0007_add_sync_client_buckets_by_order_id_table":"finished","0008_migrate_to_sync_client_buckets_by_order_id":"finished","0009_remove_sync_client_buckets_table":"finished","0010_add_history_owner":"started"}]
[62399][1582478084230][shared][info]["Migrations: Starting migration","0011_add_history_response_table"]
[62399][1582478084231][shared][info]["Migrations: Setting context before starting migration","0011_add_history_response_table",{"0000_initial":"finished","0001_add_archived_resources_table":"finished","0002_add_variable_sessions_table":"finished","0003_add_editor_tables":"finished","0004_migrate_ws_session_data":"finished","0005_cleanup_request_response_and_history_body":"finished","0006_add_dbp_to_request_response_and_history":"finished","0007_add_sync_client_buckets_by_order_id_table":"finished","0008_migrate_to_sync_client_buckets_by_order_id":"finished","0009_remove_sync_client_buckets_table":"finished","0010_add_history_owner":"finished","0011_add_history_response_table":"started"}]
[62399][1582478084231][shared][info]["Migrations: Applying migration","0011_add_history_response_table"]
[62399][1582478084232][shared][info]["Migrations: Upgrading IndexedDB to version","0011_add_history_response_table",7]
[62399][1582478084235][shared][info]["Migrations: Adding pending commit to queue","0011_add_history_response_table"]
[62399][1582478084235][shared][info]["Migrations: Starting migration","0012_add_user_data_table"]
[62399][1582478084236][shared][info]["Migrations: Setting context before starting migration","0012_add_user_data_table",{"0000_initial":"finished","0001_add_archived_resources_table":"finished","0002_add_variable_sessions_table":"finished","0003_add_editor_tables":"finished","0004_migrate_ws_session_data":"finished","0005_cleanup_request_response_and_history_body":"finished","0006_add_dbp_to_request_response_and_history":"finished","0007_add_sync_client_buckets_by_order_id_table":"finished","0008_migrate_to_sync_client_buckets_by_order_id":"finished","0009_remove_sync_client_buckets_table":"finished","0010_add_history_owner":"finished","0011_add_history_response_table":"started","0012_add_user_data_table":"started"}]
[62399][1582478084237][shared][info]["Migrations: Applying migration","0012_add_user_data_table"]
[62399][1582478084237][shared][info]["Migrations: Upgrading IndexedDB to version","0012_add_user_data_table",8]
[62399][1582478084239][shared][info]["Migrations: Adding pending commit to queue","0012_add_user_data_table"]
[62399][1582478084239][shared][info]["Migrations: Starting migration","0013_sanitize_request_response_and_history_methods"]
[62399][1582478084239][shared][info]["Migrations: Flushing pending migrations for","0013_sanitize_request_response_and_history_methods"]
[62399][1582478084240][shared][info]["Migrations: Flushing pending commit for type","IndexeddbSchemaMigration"]
[62399][1582478084240][shared][info]["Migrations: Committing IndexedDB upgrade"]
[62399][1582478084296][shared][info]["Migrations: Updating status in migration context",{"0000_initial":"finished","0001_add_archived_resources_table":"finished","0002_add_variable_sessions_table":"finished","0003_add_editor_tables":"finished","0004_migrate_ws_session_data":"finished","0005_cleanup_request_response_and_history_body":"finished","0006_add_dbp_to_request_response_and_history":"finished","0007_add_sync_client_buckets_by_order_id_table":"finished","0008_migrate_to_sync_client_buckets_by_order_id":"finished","0009_remove_sync_client_buckets_table":"finished","0010_add_history_owner":"finished","0011_add_history_response_table":"started","0012_add_user_data_table":"started"}]
[62399][1582478084299][shared][info]["Migrations: Updated status in migration context",{"0000_initial":"finished","0001_add_archived_resources_table":"finished","0002_add_variable_sessions_table":"finished","0003_add_editor_tables":"finished","0004_migrate_ws_session_data":"finished","0005_cleanup_request_response_and_history_body":"finished","0006_add_dbp_to_request_response_and_history":"finished","0007_add_sync_client_buckets_by_order_id_table":"finished","0008_migrate_to_sync_client_buckets_by_order_id":"finished","0009_remove_sync_client_buckets_table":"finished","0010_add_history_owner":"finished","0011_add_history_response_table":"finished","0012_add_user_data_table":"finished"}]
[62399][1582478084300][shared][info]["Migrations: Setting context before starting migration","0013_sanitize_request_response_and_history_methods",{"0000_initial":"finished","0001_add_archived_resources_table":"finished","0002_add_variable_sessions_table":"finished","0003_add_editor_tables":"finished","0004_migrate_ws_session_data":"finished","0005_cleanup_request_response_and_history_body":"finished","0006_add_dbp_to_request_response_and_history":"finished","0007_add_sync_client_buckets_by_order_id_table":"finished","0008_migrate_to_sync_client_buckets_by_order_id":"finished","0009_remove_sync_client_buckets_table":"finished","0010_add_history_owner":"finished","0011_add_history_response_table":"finished","0012_add_user_data_table":"finished","0013_sanitize_request_response_and_history_methods":"started"}]
[62399][1582478084301][shared][info]["Migrations: Applying migration","0013_sanitize_request_response_and_history_methods"]
[62399][1582478084301][shared][info]["Migrations: Processing IndexedDB data migration","0013_sanitize_request_response_and_history_methods"]
[62399][1582478084400][shared][info]["Migrations: Saving migration context after completion","0013_sanitize_request_response_and_history_methods",{"0000_initial":"finished","0001_add_archived_resources_table":"finished","0002_add_variable_sessions_table":"finished","0003_add_editor_tables":"finished","0004_migrate_ws_session_data":"finished","0005_cleanup_request_response_and_history_body":"finished","0006_add_dbp_to_request_response_and_history":"finished","0007_add_sync_client_buckets_by_order_id_table":"finished","0008_migrate_to_sync_client_buckets_by_order_id":"finished","0009_remove_sync_client_buckets_table":"finished","0010_add_history_owner":"finished","0011_add_history_response_table":"finished","0012_add_user_data_table":"finished","0013_sanitize_request_response_and_history_methods":"started"}]
[62399][1582478084401][shared][info]["Migrations: Starting migration","0014_sanitize_response_requestobject_rawmodedata"]
[62399][1582478084401][shared][info]["Migrations: Flushing pending migrations for","0014_sanitize_response_requestobject_rawmodedata"]
[62399][1582478084402][shared][info]["Migrations: Updating status in migration context",{"0000_initial":"finished","0001_add_archived_resources_table":"finished","0002_add_variable_sessions_table":"finished","0003_add_editor_tables":"finished","0004_migrate_ws_session_data":"finished","0005_cleanup_request_response_and_history_body":"finished","0006_add_dbp_to_request_response_and_history":"finished","0007_add_sync_client_buckets_by_order_id_table":"finished","0008_migrate_to_sync_client_buckets_by_order_id":"finished","0009_remove_sync_client_buckets_table":"finished","0010_add_history_owner":"finished","0011_add_history_response_table":"finished","0012_add_user_data_table":"finished","0013_sanitize_request_response_and_history_methods":"finished"}]
[62399][1582478084402][shared][info]["Migrations: Updated status in migration context",{"0000_initial":"finished","0001_add_archived_resources_table":"finished","0002_add_variable_sessions_table":"finished","0003_add_editor_tables":"finished","0004_migrate_ws_session_data":"finished","0005_cleanup_request_response_and_history_body":"finished","0006_add_dbp_to_request_response_and_history":"finished","0007_add_sync_client_buckets_by_order_id_table":"finished","0008_migrate_to_sync_client_buckets_by_order_id":"finished","0009_remove_sync_client_buckets_table":"finished","0010_add_history_owner":"finished","0011_add_history_response_table":"finished","0012_add_user_data_table":"finished","0013_sanitize_request_response_and_history_methods":"finished"}]
[62399][1582478084402][shared][info]["Migrations: Setting context before starting migration","0014_sanitize_response_requestobject_rawmodedata",{"0000_initial":"finished","0001_add_archived_resources_table":"finished","0002_add_variable_sessions_table":"finished","0003_add_editor_tables":"finished","0004_migrate_ws_session_data":"finished","0005_cleanup_request_response_and_history_body":"finished","0006_add_dbp_to_request_response_and_history":"finished","0007_add_sync_client_buckets_by_order_id_table":"finished","0008_migrate_to_sync_client_buckets_by_order_id":"finished","0009_remove_sync_client_buckets_table":"finished","0010_add_history_owner":"finished","0011_add_history_response_table":"finished","0012_add_user_data_table":"finished","0013_sanitize_request_response_and_history_methods":"finished","0014_sanitize_response_requestobject_rawmodedata":"started"}]
[62399][1582478084403][shared][info]["Migrations: Applying migration","0014_sanitize_response_requestobject_rawmodedata"]
[62399][1582478084403][shared][info]["Migrations: Processing IndexedDB data migration","0014_sanitize_response_requestobject_rawmodedata"]
[62399][1582478084449][shared][info]["Migrations: Saving migration context after completion","0014_sanitize_response_requestobject_rawmodedata",{"0000_initial":"finished","0001_add_archived_resources_table":"finished","0002_add_variable_sessions_table":"finished","0003_add_editor_tables":"finished","0004_migrate_ws_session_data":"finished","0005_cleanup_request_response_and_history_body":"finished","0006_add_dbp_to_request_response_and_history":"finished","0007_add_sync_client_buckets_by_order_id_table":"finished","0008_migrate_to_sync_client_buckets_by_order_id":"finished","0009_remove_sync_client_buckets_table":"finished","0010_add_history_owner":"finished","0011_add_history_response_table":"finished","0012_add_user_data_table":"finished","0013_sanitize_request_response_and_history_methods":"finished","0014_sanitize_response_requestobject_rawmodedata":"started"}]
[62399][1582478084451][shared][info]["Migrations: Starting migration","0015_add_favorited_collections_table"]
[62399][1582478084452][shared][info]["Migrations: Setting context before starting migration","0015_add_favorited_collections_table",{"0000_initial":"finished","0001_add_archived_resources_table":"finished","0002_add_variable_sessions_table":"finished","0003_add_editor_tables":"finished","0004_migrate_ws_session_data":"finished","0005_cleanup_request_response_and_history_body":"finished","0006_add_dbp_to_request_response_and_history":"finished","0007_add_sync_client_buckets_by_order_id_table":"finished","0008_migrate_to_sync_client_buckets_by_order_id":"finished","0009_remove_sync_client_buckets_table":"finished","0010_add_history_owner":"finished","0011_add_history_response_table":"finished","0012_add_user_data_table":"finished","0013_sanitize_request_response_and_history_methods":"finished","0014_sanitize_response_requestobject_rawmodedata":"finished","0015_add_favorited_collections_table":"started"}]
[62399][1582478084453][shared][info]["Migrations: Applying migration","0015_add_favorited_collections_table"]
[62399][1582478084454][shared][info]["Migrations: Upgrading IndexedDB to version","0015_add_favorited_collections_table",9]
[62399][1582478084456][shared][info]["Migrations: Adding pending commit to queue","0015_add_favorited_collections_table"]
[62399][1582478084457][shared][info]["Migrations: Starting migration","0016_add_permission_table"]
[62399][1582478084457][shared][info]["Migrations: Setting context before starting migration","0016_add_permission_table",{"0000_initial":"finished","0001_add_archived_resources_table":"finished","0002_add_variable_sessions_table":"finished","0003_add_editor_tables":"finished","0004_migrate_ws_session_data":"finished","0005_cleanup_request_response_and_history_body":"finished","0006_add_dbp_to_request_response_and_history":"finished","0007_add_sync_client_buckets_by_order_id_table":"finished","0008_migrate_to_sync_client_buckets_by_order_id":"finished","0009_remove_sync_client_buckets_table":"finished","0010_add_history_owner":"finished","0011_add_history_response_table":"finished","0012_add_user_data_table":"finished","0013_sanitize_request_response_and_history_methods":"finished","0014_sanitize_response_requestobject_rawmodedata":"finished","0015_add_favorited_collections_table":"started","0016_add_permission_table":"started"}]
[62399][1582478084457][shared][info]["Migrations: Applying migration","0016_add_permission_table"]
[62399][1582478084459][shared][info]["Migrations: Upgrading IndexedDB to version","0016_add_permission_table",10]
[62399][1582478084462][shared][info]["Migrations: Adding pending commit to queue","0016_add_permission_table"]
[62399][1582478084462][shared][info]["Migrations: Starting migration","0017_add_user_preferences_table"]
[62399][1582478084462][shared][info]["Migrations: Setting context before starting migration","0017_add_user_preferences_table",{"0000_initial":"finished","0001_add_archived_resources_table":"finished","0002_add_variable_sessions_table":"finished","0003_add_editor_tables":"finished","0004_migrate_ws_session_data":"finished","0005_cleanup_request_response_and_history_body":"finished","0006_add_dbp_to_request_response_and_history":"finished","0007_add_sync_client_buckets_by_order_id_table":"finished","0008_migrate_to_sync_client_buckets_by_order_id":"finished","0009_remove_sync_client_buckets_table":"finished","0010_add_history_owner":"finished","0011_add_history_response_table":"finished","0012_add_user_data_table":"finished","0013_sanitize_request_response_and_history_methods":"finished","0014_sanitize_response_requestobject_rawmodedata":"finished","0015_add_favorited_collections_table":"started","0016_add_permission_table":"started","0017_add_user_preferences_table":"started"}]
[62399][1582478084463][shared][info]["Migrations: Applying migration","0017_add_user_preferences_table"]
[62399][1582478084463][shared][info]["Migrations: Upgrading IndexedDB to version","0017_add_user_preferences_table",11]
[62399][1582478084466][shared][info]["Migrations: Adding pending commit to queue","0017_add_user_preferences_table"]
[62399][1582478084467][shared][info]["Migrations: Starting migration","0018_index_header_presets"]
[62399][1582478084467][shared][info]["Migrations: Setting context before starting migration","0018_index_header_presets",{"0000_initial":"finished","0001_add_archived_resources_table":"finished","0002_add_variable_sessions_table":"finished","0003_add_editor_tables":"finished","0004_migrate_ws_session_data":"finished","0005_cleanup_request_response_and_history_body":"finished","0006_add_dbp_to_request_response_and_history":"finished","0007_add_sync_client_buckets_by_order_id_table":"finished","0008_migrate_to_sync_client_buckets_by_order_id":"finished","0009_remove_sync_client_buckets_table":"finished","0010_add_history_owner":"finished","0011_add_history_response_table":"finished","0012_add_user_data_table":"finished","0013_sanitize_request_response_and_history_methods":"finished","0014_sanitize_response_requestobject_rawmodedata":"finished","0015_add_favorited_collections_table":"started","0016_add_permission_table":"started","0017_add_user_preferences_table":"started","0018_index_header_presets":"started"}]
[62399][1582478084467][shared][info]["Migrations: Applying migration","0018_index_header_presets"]
[62399][1582478084468][shared][info]["Migrations: Upgrading IndexedDB to version","0018_index_header_presets",12]
[62399][1582478084469][shared][info]["Migrations: Adding pending commit to queue","0018_index_header_presets"]
[62399][1582478084469][shared][info]["Migrations: Starting migration","0019_migrate_favorite_collections_data"]
[62399][1582478084470][shared][info]["Migrations: Flushing pending migrations for","0019_migrate_favorite_collections_data"]
[62399][1582478084470][shared][info]["Migrations: Flushing pending commit for type","IndexeddbSchemaMigration"]
[62399][1582478084470][shared][info]["Migrations: Committing IndexedDB upgrade"]
[62399][1582478084528][shared][info]["Migrations: Updating status in migration context",{"0000_initial":"finished","0001_add_archived_resources_table":"finished","0002_add_variable_sessions_table":"finished","0003_add_editor_tables":"finished","0004_migrate_ws_session_data":"finished","0005_cleanup_request_response_and_history_body":"finished","0006_add_dbp_to_request_response_and_history":"finished","0007_add_sync_client_buckets_by_order_id_table":"finished","0008_migrate_to_sync_client_buckets_by_order_id":"finished","0009_remove_sync_client_buckets_table":"finished","0010_add_history_owner":"finished","0011_add_history_response_table":"finished","0012_add_user_data_table":"finished","0013_sanitize_request_response_and_history_methods":"finished","0014_sanitize_response_requestobject_rawmodedata":"finished","0015_add_favorited_collections_table":"started","0016_add_permission_table":"started","0017_add_user_preferences_table":"started","0018_index_header_presets":"started"}]
[62399][1582478084530][shared][info]["Migrations: Updated status in migration context",{"0000_initial":"finished","0001_add_archived_resources_table":"finished","0002_add_variable_sessions_table":"finished","0003_add_editor_tables":"finished","0004_migrate_ws_session_data":"finished","0005_cleanup_request_response_and_history_body":"finished","0006_add_dbp_to_request_response_and_history":"finished","0007_add_sync_client_buckets_by_order_id_table":"finished","0008_migrate_to_sync_client_buckets_by_order_id":"finished","0009_remove_sync_client_buckets_table":"finished","0010_add_history_owner":"finished","0011_add_history_response_table":"finished","0012_add_user_data_table":"finished","0013_sanitize_request_response_and_history_methods":"finished","0014_sanitize_response_requestobject_rawmodedata":"finished","0015_add_favorited_collections_table":"finished","0016_add_permission_table":"finished","0017_add_user_preferences_table":"finished","0018_index_header_presets":"finished"}]
[62399][1582478084531][shared][info]["Migrations: Setting context before starting migration","0019_migrate_favorite_collections_data",{"0000_initial":"finished","0001_add_archived_resources_table":"finished","0002_add_variable_sessions_table":"finished","0003_add_editor_tables":"finished","0004_migrate_ws_session_data":"finished","0005_cleanup_request_response_and_history_body":"finished","0006_add_dbp_to_request_response_and_history":"finished","0007_add_sync_client_buckets_by_order_id_table":"finished","0008_migrate_to_sync_client_buckets_by_order_id":"finished","0009_remove_sync_client_buckets_table":"finished","0010_add_history_owner":"finished","0011_add_history_response_table":"finished","0012_add_user_data_table":"finished","0013_sanitize_request_response_and_history_methods":"finished","0014_sanitize_response_requestobject_rawmodedata":"finished","0015_add_favorited_collections_table":"finished","0016_add_permission_table":"finished","0017_add_user_preferences_table":"finished","0018_index_header_presets":"finished","0019_migrate_favorite_collections_data":"started"}]
[62399][1582478084532][shared][info]["Migrations: Applying migration","0019_migrate_favorite_collections_data"]
[62399][1582478084532][shared][info]["Migrations: Processing IndexedDB data migration","0019_migrate_favorite_collections_data"]
[62399][1582478084538][shared][info]["Migration~FavoriteCollections: Starting migration"]
[62399][1582478084708][shared][info]["Migrations: Saving migration context after completion","0019_migrate_favorite_collections_data",{"0000_initial":"finished","0001_add_archived_resources_table":"finished","0002_add_variable_sessions_table":"finished","0003_add_editor_tables":"finished","0004_migrate_ws_session_data":"finished","0005_cleanup_request_response_and_history_body":"finished","0006_add_dbp_to_request_response_and_history":"finished","0007_add_sync_client_buckets_by_order_id_table":"finished","0008_migrate_to_sync_client_buckets_by_order_id":"finished","0009_remove_sync_client_buckets_table":"finished","0010_add_history_owner":"finished","0011_add_history_response_table":"finished","0012_add_user_data_table":"finished","0013_sanitize_request_response_and_history_methods":"finished","0014_sanitize_response_requestobject_rawmodedata":"finished","0015_add_favorited_collections_table":"finished","0016_add_permission_table":"finished","0017_add_user_preferences_table":"finished","0018_index_header_presets":"finished","0019_migrate_favorite_collections_data":"started"}]
[62399][1582478084710][shared][info]["Migrations: Starting migration","0020_migrate_sync_client_revision"]
[62399][1582478084710][shared][info]["Migrations: Flushing pending migrations for","0020_migrate_sync_client_revision"]
[62399][1582478084710][shared][info]["Migrations: Updating status in migration context",{"0000_initial":"finished","0001_add_archived_resources_table":"finished","0002_add_variable_sessions_table":"finished","0003_add_editor_tables":"finished","0004_migrate_ws_session_data":"finished","0005_cleanup_request_response_and_history_body":"finished","0006_add_dbp_to_request_response_and_history":"finished","0007_add_sync_client_buckets_by_order_id_table":"finished","0008_migrate_to_sync_client_buckets_by_order_id":"finished","0009_remove_sync_client_buckets_table":"finished","0010_add_history_owner":"finished","0011_add_history_response_table":"finished","0012_add_user_data_table":"finished","0013_sanitize_request_response_and_history_methods":"finished","0014_sanitize_response_requestobject_rawmodedata":"finished","0015_add_favorited_collections_table":"finished","0016_add_permission_table":"finished","0017_add_user_preferences_table":"finished","0018_index_header_presets":"finished","0019_migrate_favorite_collections_data":"finished"}]
[62399][1582478084711][shared][info]["Migrations: Updated status in migration context",{"0000_initial":"finished","0001_add_archived_resources_table":"finished","0002_add_variable_sessions_table":"finished","0003_add_editor_tables":"finished","0004_migrate_ws_session_data":"finished","0005_cleanup_request_response_and_history_body":"finished","0006_add_dbp_to_request_response_and_history":"finished","0007_add_sync_client_buckets_by_order_id_table":"finished","0008_migrate_to_sync_client_buckets_by_order_id":"finished","0009_remove_sync_client_buckets_table":"finished","0010_add_history_owner":"finished","0011_add_history_response_table":"finished","0012_add_user_data_table":"finished","0013_sanitize_request_response_and_history_methods":"finished","0014_sanitize_response_requestobject_rawmodedata":"finished","0015_add_favorited_collections_table":"finished","0016_add_permission_table":"finished","0017_add_user_preferences_table":"finished","0018_index_header_presets":"finished","0019_migrate_favorite_collections_data":"finished"}]
[62399][1582478084711][shared][info]["Migrations: Setting context before starting migration","0020_migrate_sync_client_revision",{"0000_initial":"finished","0001_add_archived_resources_table":"finished","0002_add_variable_sessions_table":"finished","0003_add_editor_tables":"finished","0004_migrate_ws_session_data":"finished","0005_cleanup_request_response_and_history_body":"finished","0006_add_dbp_to_request_response_and_history":"finished","0007_add_sync_client_buckets_by_order_id_table":"finished","0008_migrate_to_sync_client_buckets_by_order_id":"finished","0009_remove_sync_client_buckets_table":"finished","0010_add_history_owner":"finished","0011_add_history_response_table":"finished","0012_add_user_data_table":"finished","0013_sanitize_request_response_and_history_methods":"finished","0014_sanitize_response_requestobject_rawmodedata":"finished","0015_add_favorited_collections_table":"finished","0016_add_permission_table":"finished","0017_add_user_preferences_table":"finished","0018_index_header_presets":"finished","0019_migrate_favorite_collections_data":"finished","0020_migrate_sync_client_revision":"started"}]
[62399][1582478084711][shared][info]["Migrations: Applying migration","0020_migrate_sync_client_revision"]
[62399][1582478084711][shared][info]["Migrations: Processing IndexedDB data migration","0020_migrate_sync_client_revision"]
[62399][1582478084716][shared][info]["Migration~SyncClientRevision: Migrating revision id for timelines"]
[62399][1582478084842][shared][info]["Migrations: Saving migration context after completion","0020_migrate_sync_client_revision",{"0000_initial":"finished","0001_add_archived_resources_table":"finished","0002_add_variable_sessions_table":"finished","0003_add_editor_tables":"finished","0004_migrate_ws_session_data":"finished","0005_cleanup_request_response_and_history_body":"finished","0006_add_dbp_to_request_response_and_history":"finished","0007_add_sync_client_buckets_by_order_id_table":"finished","0008_migrate_to_sync_client_buckets_by_order_id":"finished","0009_remove_sync_client_buckets_table":"finished","0010_add_history_owner":"finished","0011_add_history_response_table":"finished","0012_add_user_data_table":"finished","0013_sanitize_request_response_and_history_methods":"finished","0014_sanitize_response_requestobject_rawmodedata":"finished","0015_add_favorited_collections_table":"finished","0016_add_permission_table":"finished","0017_add_user_preferences_table":"finished","0018_index_header_presets":"finished","0019_migrate_favorite_collections_data":"finished","0020_migrate_sync_client_revision":"started"}]
[62399][1582478084843][shared][info]["Migrations: Starting migration","0021_clear_permissions"]
[62399][1582478084843][shared][info]["Migrations: Flushing pending migrations for","0021_clear_permissions"]
[62399][1582478084843][shared][info]["Migrations: Updating status in migration context",{"0000_initial":"finished","0001_add_archived_resources_table":"finished","0002_add_variable_sessions_table":"finished","0003_add_editor_tables":"finished","0004_migrate_ws_session_data":"finished","0005_cleanup_request_response_and_history_body":"finished","0006_add_dbp_to_request_response_and_history":"finished","0007_add_sync_client_buckets_by_order_id_table":"finished","0008_migrate_to_sync_client_buckets_by_order_id":"finished","0009_remove_sync_client_buckets_table":"finished","0010_add_history_owner":"finished","0011_add_history_response_table":"finished","0012_add_user_data_table":"finished","0013_sanitize_request_response_and_history_methods":"finished","0014_sanitize_response_requestobject_rawmodedata":"finished","0015_add_favorited_collections_table":"finished","0016_add_permission_table":"finished","0017_add_user_preferences_table":"finished","0018_index_header_presets":"finished","0019_migrate_favorite_collections_data":"finished","0020_migrate_sync_client_revision":"finished"}]
[62399][1582478084844][shared][info]["Migrations: Updated status in migration context",{"0000_initial":"finished","0001_add_archived_resources_table":"finished","0002_add_variable_sessions_table":"finished","0003_add_editor_tables":"finished","0004_migrate_ws_session_data":"finished","0005_cleanup_request_response_and_history_body":"finished","0006_add_dbp_to_request_response_and_history":"finished","0007_add_sync_client_buckets_by_order_id_table":"finished","0008_migrate_to_sync_client_buckets_by_order_id":"finished","0009_remove_sync_client_buckets_table":"finished","0010_add_history_owner":"finished","0011_add_history_response_table":"finished","0012_add_user_data_table":"finished","0013_sanitize_request_response_and_history_methods":"finished","0014_sanitize_response_requestobject_rawmodedata":"finished","0015_add_favorited_collections_table":"finished","0016_add_permission_table":"finished","0017_add_user_preferences_table":"finished","0018_index_header_presets":"finished","0019_migrate_favorite_collections_data":"finished","0020_migrate_sync_client_revision":"finished"}]
[62399][1582478084845][shared][info]["Migrations: Setting context before starting migration","0021_clear_permissions",{"0000_initial":"finished","0001_add_archived_resources_table":"finished","0002_add_variable_sessions_table":"finished","0003_add_editor_tables":"finished","0004_migrate_ws_session_data":"finished","0005_cleanup_request_response_and_history_body":"finished","0006_add_dbp_to_request_response_and_history":"finished","0007_add_sync_client_buckets_by_order_id_table":"finished","0008_migrate_to_sync_client_buckets_by_order_id":"finished","0009_remove_sync_client_buckets_table":"finished","0010_add_history_owner":"finished","0011_add_history_response_table":"finished","0012_add_user_data_table":"finished","0013_sanitize_request_response_and_history_methods":"finished","0014_sanitize_response_requestobject_rawmodedata":"finished","0015_add_favorited_collections_table":"finished","0016_add_permission_table":"finished","0017_add_user_preferences_table":"finished","0018_index_header_presets":"finished","0019_migrate_favorite_collections_data":"finished","0020_migrate_sync_client_revision":"finished","0021_clear_permissions":"started"}]
[62399][1582478084846][shared][info]["Migrations: Applying migration","0021_clear_permissions"]
[62399][1582478084846][shared][info]["Migrations: Processing IndexedDB data migration","0021_clear_permissions"]
[62399][1582478084853][shared][info]["Migration~Permissions: Starting migration"]
[62399][1582478085056][shared][info]["Migrations: Saving migration context after completion","0021_clear_permissions",{"0000_initial":"finished","0001_add_archived_resources_table":"finished","0002_add_variable_sessions_table":"finished","0003_add_editor_tables":"finished","0004_migrate_ws_session_data":"finished","0005_cleanup_request_response_and_history_body":"finished","0006_add_dbp_to_request_response_and_history":"finished","0007_add_sync_client_buckets_by_order_id_table":"finished","0008_migrate_to_sync_client_buckets_by_order_id":"finished","0009_remove_sync_client_buckets_table":"finished","0010_add_history_owner":"finished","0011_add_history_response_table":"finished","0012_add_user_data_table":"finished","0013_sanitize_request_response_and_history_methods":"finished","0014_sanitize_response_requestobject_rawmodedata":"finished","0015_add_favorited_collections_table":"finished","0016_add_permission_table":"finished","0017_add_user_preferences_table":"finished","0018_index_header_presets":"finished","0019_migrate_favorite_collections_data":"finished","0020_migrate_sync_client_revision":"finished","0021_clear_permissions":"started"}]
[62399][1582478085057][shared][info]["Migrations: Starting migration","0022_add_workspace_header_presets"]
[62399][1582478085057][shared][info]["Migrations: Flushing pending migrations for","0022_add_workspace_header_presets"]
[62399][1582478085057][shared][info]["Migrations: Updating status in migration context",{"0000_initial":"finished","0001_add_archived_resources_table":"finished","0002_add_variable_sessions_table":"finished","0003_add_editor_tables":"finished","0004_migrate_ws_session_data":"finished","0005_cleanup_request_response_and_history_body":"finished","0006_add_dbp_to_request_response_and_history":"finished","0007_add_sync_client_buckets_by_order_id_table":"finished","0008_migrate_to_sync_client_buckets_by_order_id":"finished","0009_remove_sync_client_buckets_table":"finished","0010_add_history_owner":"finished","0011_add_history_response_table":"finished","0012_add_user_data_table":"finished","0013_sanitize_request_response_and_history_methods":"finished","0014_sanitize_response_requestobject_rawmodedata":"finished","0015_add_favorited_collections_table":"finished","0016_add_permission_table":"finished","0017_add_user_preferences_table":"finished","0018_index_header_presets":"finished","0019_migrate_favorite_collections_data":"finished","0020_migrate_sync_client_revision":"finished","0021_clear_permissions":"finished"}]
[62399][1582478085057][shared][info]["Migrations: Updated status in migration context",{"0000_initial":"finished","0001_add_archived_resources_table":"finished","0002_add_variable_sessions_table":"finished","0003_add_editor_tables":"finished","0004_migrate_ws_session_data":"finished","0005_cleanup_request_response_and_history_body":"finished","0006_add_dbp_to_request_response_and_history":"finished","0007_add_sync_client_buckets_by_order_id_table":"finished","0008_migrate_to_sync_client_buckets_by_order_id":"finished","0009_remove_sync_client_buckets_table":"finished","0010_add_history_owner":"finished","0011_add_history_response_table":"finished","0012_add_user_data_table":"finished","0013_sanitize_request_response_and_history_methods":"finished","0014_sanitize_response_requestobject_rawmodedata":"finished","0015_add_favorited_collections_table":"finished","0016_add_permission_table":"finished","0017_add_user_preferences_table":"finished","0018_index_header_presets":"finished","0019_migrate_favorite_collections_data":"finished","0020_migrate_sync_client_revision":"finished","0021_clear_permissions":"finished"}]
[62399][1582478085058][shared][info]["Migrations: Setting context before starting migration","0022_add_workspace_header_presets",{"0000_initial":"finished","0001_add_archived_resources_table":"finished","0002_add_variable_sessions_table":"finished","0003_add_editor_tables":"finished","0004_migrate_ws_session_data":"finished","0005_cleanup_request_response_and_history_body":"finished","0006_add_dbp_to_request_response_and_history":"finished","0007_add_sync_client_buckets_by_order_id_table":"finished","0008_migrate_to_sync_client_buckets_by_order_id":"finished","0009_remove_sync_client_buckets_table":"finished","0010_add_history_owner":"finished","0011_add_history_response_table":"finished","0012_add_user_data_table":"finished","0013_sanitize_request_response_and_history_methods":"finished","0014_sanitize_response_requestobject_rawmodedata":"finished","0015_add_favorited_collections_table":"finished","0016_add_permission_table":"finished","0017_add_user_preferences_table":"finished","0018_index_header_presets":"finished","0019_migrate_favorite_collections_data":"finished","0020_migrate_sync_client_revision":"finished","0021_clear_permissions":"finished","0022_add_workspace_header_presets":"started"}]
[62399][1582478085059][shared][info]["Migrations: Applying migration","0022_add_workspace_header_presets"]
[62399][1582478085059][shared][info]["Migrations: Processing IndexedDB data migration","0022_add_workspace_header_presets"]
[62399][1582478085063][shared][info]["Migration~HeaderPresets: Add workspace property in header presets"]
[62399][1582478085145][shared][info]["Migrations: Saving migration context after completion","0022_add_workspace_header_presets",{"0000_initial":"finished","0001_add_archived_resources_table":"finished","0002_add_variable_sessions_table":"finished","0003_add_editor_tables":"finished","0004_migrate_ws_session_data":"finished","0005_cleanup_request_response_and_history_body":"finished","0006_add_dbp_to_request_response_and_history":"finished","0007_add_sync_client_buckets_by_order_id_table":"finished","0008_migrate_to_sync_client_buckets_by_order_id":"finished","0009_remove_sync_client_buckets_table":"finished","0010_add_history_owner":"finished","0011_add_history_response_table":"finished","0012_add_user_data_table":"finished","0013_sanitize_request_response_and_history_methods":"finished","0014_sanitize_response_requestobject_rawmodedata":"finished","0015_add_favorited_collections_table":"finished","0016_add_permission_table":"finished","0017_add_user_preferences_table":"finished","0018_index_header_presets":"finished","0019_migrate_favorite_collections_data":"finished","0020_migrate_sync_client_revision":"finished","0021_clear_permissions":"finished","0022_add_workspace_header_presets":"started"}]
[62399][1582478085146][shared][info]["Migrations: Starting migration","0023_remove_collection_permissions_and_shared"]
[62399][1582478085146][shared][info]["Migrations: Flushing pending migrations for","0023_remove_collection_permissions_and_shared"]
[62399][1582478085146][shared][info]["Migrations: Updating status in migration context",{"0000_initial":"finished","0001_add_archived_resources_table":"finished","0002_add_variable_sessions_table":"finished","0003_add_editor_tables":"finished","0004_migrate_ws_session_data":"finished","0005_cleanup_request_response_and_history_body":"finished","0006_add_dbp_to_request_response_and_history":"finished","0007_add_sync_client_buckets_by_order_id_table":"finished","0008_migrate_to_sync_client_buckets_by_order_id":"finished","0009_remove_sync_client_buckets_table":"finished","0010_add_history_owner":"finished","0011_add_history_response_table":"finished","0012_add_user_data_table":"finished","0013_sanitize_request_response_and_history_methods":"finished","0014_sanitize_response_requestobject_rawmodedata":"finished","0015_add_favorited_collections_table":"finished","0016_add_permission_table":"finished","0017_add_user_preferences_table":"finished","0018_index_header_presets":"finished","0019_migrate_favorite_collections_data":"finished","0020_migrate_sync_client_revision":"finished","0021_clear_permissions":"finished","0022_add_workspace_header_presets":"finished"}]
[62399][1582478085146][shared][info]["Migrations: Updated status in migration context",{"0000_initial":"finished","0001_add_archived_resources_table":"finished","0002_add_variable_sessions_table":"finished","0003_add_editor_tables":"finished","0004_migrate_ws_session_data":"finished","0005_cleanup_request_response_and_history_body":"finished","0006_add_dbp_to_request_response_and_history":"finished","0007_add_sync_client_buckets_by_order_id_table":"finished","0008_migrate_to_sync_client_buckets_by_order_id":"finished","0009_remove_sync_client_buckets_table":"finished","0010_add_history_owner":"finished","0011_add_history_response_table":"finished","0012_add_user_data_table":"finished","0013_sanitize_request_response_and_history_methods":"finished","0014_sanitize_response_requestobject_rawmodedata":"finished","0015_add_favorited_collections_table":"finished","0016_add_permission_table":"finished","0017_add_user_preferences_table":"finished","0018_index_header_presets":"finished","0019_migrate_favorite_collections_data":"finished","0020_migrate_sync_client_revision":"finished","0021_clear_permissions":"finished","0022_add_workspace_header_presets":"finished"}]
[62399][1582478085147][shared][info]["Migrations: Setting context before starting migration","0023_remove_collection_permissions_and_shared",{"0000_initial":"finished","0001_add_archived_resources_table":"finished","0002_add_variable_sessions_table":"finished","0003_add_editor_tables":"finished","0004_migrate_ws_session_data":"finished","0005_cleanup_request_response_and_history_body":"finished","0006_add_dbp_to_request_response_and_history":"finished","0007_add_sync_client_buckets_by_order_id_table":"finished","0008_migrate_to_sync_client_buckets_by_order_id":"finished","0009_remove_sync_client_buckets_table":"finished","0010_add_history_owner":"finished","0011_add_history_response_table":"finished","0012_add_user_data_table":"finished","0013_sanitize_request_response_and_history_methods":"finished","0014_sanitize_response_requestobject_rawmodedata":"finished","0015_add_favorited_collections_table":"finished","0016_add_permission_table":"finished","0017_add_user_preferences_table":"finished","0018_index_header_presets":"finished","0019_migrate_favorite_collections_data":"finished","0020_migrate_sync_client_revision":"finished","0021_clear_permissions":"finished","0022_add_workspace_header_presets":"finished","0023_remove_collection_permissions_and_shared":"started"}]
[62399][1582478085147][shared][info]["Migrations: Applying migration","0023_remove_collection_permissions_and_shared"]
[62399][1582478085148][shared][info]["Migrations: Processing IndexedDB data migration","0023_remove_collection_permissions_and_shared"]
[62399][1582478085201][shared][info]["Migrations: Saving migration context after completion","0023_remove_collection_permissions_and_shared",{"0000_initial":"finished","0001_add_archived_resources_table":"finished","0002_add_variable_sessions_table":"finished","0003_add_editor_tables":"finished","0004_migrate_ws_session_data":"finished","0005_cleanup_request_response_and_history_body":"finished","0006_add_dbp_to_request_response_and_history":"finished","0007_add_sync_client_buckets_by_order_id_table":"finished","0008_migrate_to_sync_client_buckets_by_order_id":"finished","0009_remove_sync_client_buckets_table":"finished","0010_add_history_owner":"finished","0011_add_history_response_table":"finished","0012_add_user_data_table":"finished","0013_sanitize_request_response_and_history_methods":"finished","0014_sanitize_response_requestobject_rawmodedata":"finished","0015_add_favorited_collections_table":"finished","0016_add_permission_table":"finished","0017_add_user_preferences_table":"finished","0018_index_header_presets":"finished","0019_migrate_favorite_collections_data":"finished","0020_migrate_sync_client_revision":"finished","0021_clear_permissions":"finished","0022_add_workspace_header_presets":"finished","0023_remove_collection_permissions_and_shared":"started"}]
[62399][1582478085204][shared][info]["Migrations: Starting migration","0024_add_console_timelines_table"]
[62399][1582478085205][shared][info]["Migrations: Setting context before starting migration","0024_add_console_timelines_table",{"0000_initial":"finished","0001_add_archived_resources_table":"finished","0002_add_variable_sessions_table":"finished","0003_add_editor_tables":"finished","0004_migrate_ws_session_data":"finished","0005_cleanup_request_response_and_history_body":"finished","0006_add_dbp_to_request_response_and_history":"finished","0007_add_sync_client_buckets_by_order_id_table":"finished","0008_migrate_to_sync_client_buckets_by_order_id":"finished","0009_remove_sync_client_buckets_table":"finished","0010_add_history_owner":"finished","0011_add_history_response_table":"finished","0012_add_user_data_table":"finished","0013_sanitize_request_response_and_history_methods":"finished","0014_sanitize_response_requestobject_rawmodedata":"finished","0015_add_favorited_collections_table":"finished","0016_add_permission_table":"finished","0017_add_user_preferences_table":"finished","0018_index_header_presets":"finished","0019_migrate_favorite_collections_data":"finished","0020_migrate_sync_client_revision":"finished","0021_clear_permissions":"finished","0022_add_workspace_header_presets":"finished","0023_remove_collection_permissions_and_shared":"finished","0024_add_console_timelines_table":"started"}]
[62399][1582478085205][shared][info]["Migrations: Applying migration","0024_add_console_timelines_table"]
[62399][1582478085205][shared][info]["Migrations: Upgrading IndexedDB to version","0024_add_console_timelines_table",13]
[62399][1582478085209][shared][info]["Migrations: Adding pending commit to queue","0024_add_console_timelines_table"]
[62399][1582478085209][shared][info]["Migrations: Starting migration","0025_add_console_events_table"]
[62399][1582478085209][shared][info]["Migrations: Setting context before starting migration","0025_add_console_events_table",{"0000_initial":"finished","0001_add_archived_resources_table":"finished","0002_add_variable_sessions_table":"finished","0003_add_editor_tables":"finished","0004_migrate_ws_session_data":"finished","0005_cleanup_request_response_and_history_body":"finished","0006_add_dbp_to_request_response_and_history":"finished","0007_add_sync_client_buckets_by_order_id_table":"finished","0008_migrate_to_sync_client_buckets_by_order_id":"finished","0009_remove_sync_client_buckets_table":"finished","0010_add_history_owner":"finished","0011_add_history_response_table":"finished","0012_add_user_data_table":"finished","0013_sanitize_request_response_and_history_methods":"finished","0014_sanitize_response_requestobject_rawmodedata":"finished","0015_add_favorited_collections_table":"finished","0016_add_permission_table":"finished","0017_add_user_preferences_table":"finished","0018_index_header_presets":"finished","0019_migrate_favorite_collections_data":"finished","0020_migrate_sync_client_revision":"finished","0021_clear_permissions":"finished","0022_add_workspace_header_presets":"finished","0023_remove_collection_permissions_and_shared":"finished","0024_add_console_timelines_table":"started","0025_add_console_events_table":"started"}]
[62399][1582478085209][shared][info]["Migrations: Applying migration","0025_add_console_events_table"]
[62399][1582478085209][shared][info]["Migrations: Upgrading IndexedDB to version","0025_add_console_events_table",14]
[62399][1582478085212][shared][info]["Migrations: Adding pending commit to queue","0025_add_console_events_table"]
[62399][1582478085212][shared][info]["Migrations: Starting migration","0026_index_console_events"]
[62399][1582478085212][shared][info]["Migrations: Setting context before starting migration","0026_index_console_events",{"0000_initial":"finished","0001_add_archived_resources_table":"finished","0002_add_variable_sessions_table":"finished","0003_add_editor_tables":"finished","0004_migrate_ws_session_data":"finished","0005_cleanup_request_response_and_history_body":"finished","0006_add_dbp_to_request_response_and_history":"finished","0007_add_sync_client_buckets_by_order_id_table":"finished","0008_migrate_to_sync_client_buckets_by_order_id":"finished","0009_remove_sync_client_buckets_table":"finished","0010_add_history_owner":"finished","0011_add_history_response_table":"finished","0012_add_user_data_table":"finished","0013_sanitize_request_response_and_history_methods":"finished","0014_sanitize_response_requestobject_rawmodedata":"finished","0015_add_favorited_collections_table":"finished","0016_add_permission_table":"finished","0017_add_user_preferences_table":"finished","0018_index_header_presets":"finished","0019_migrate_favorite_collections_data":"finished","0020_migrate_sync_client_revision":"finished","0021_clear_permissions":"finished","0022_add_workspace_header_presets":"finished","0023_remove_collection_permissions_and_shared":"finished","0024_add_console_timelines_table":"started","0025_add_console_events_table":"started","0026_index_console_events":"started"}]
[62399][1582478085213][shared][info]["Migrations: Applying migration","0026_index_console_events"]
[62399][1582478085213][shared][info]["Migrations: Upgrading IndexedDB to version","0026_index_console_events",15]
[62399][1582478085216][shared][info]["Migrations: Adding pending commit to queue","0026_index_console_events"]
[62399][1582478085216][shared][info]["Migrations: Starting migration","0027_add_console_blob_table"]
[62399][1582478085216][shared][info]["Migrations: Setting context before starting migration","0027_add_console_blob_table",{"0000_initial":"finished","0001_add_archived_resources_table":"finished","0002_add_variable_sessions_table":"finished","0003_add_editor_tables":"finished","0004_migrate_ws_session_data":"finished","0005_cleanup_request_response_and_history_body":"finished","0006_add_dbp_to_request_response_and_history":"finished","0007_add_sync_client_buckets_by_order_id_table":"finished","0008_migrate_to_sync_client_buckets_by_order_id":"finished","0009_remove_sync_client_buckets_table":"finished","0010_add_history_owner":"finished","0011_add_history_response_table":"finished","0012_add_user_data_table":"finished","0013_sanitize_request_response_and_history_methods":"finished","0014_sanitize_response_requestobject_rawmodedata":"finished","0015_add_favorited_collections_table":"finished","0016_add_permission_table":"finished","0017_add_user_preferences_table":"finished","0018_index_header_presets":"finished","0019_migrate_favorite_collections_data":"finished","0020_migrate_sync_client_revision":"finished","0021_clear_permissions":"finished","0022_add_workspace_header_presets":"finished","0023_remove_collection_permissions_and_shared":"finished","0024_add_console_timelines_table":"started","0025_add_console_events_table":"started","0026_index_console_events":"started","0027_add_console_blob_table":"started"}]
[62399][1582478085216][shared][info]["Migrations: Applying migration","0027_add_console_blob_table"]
[62399][1582478085217][shared][info]["Migrations: Upgrading IndexedDB to version","0027_add_console_blob_table",16]
[62399][1582478085219][shared][info]["Migrations: Adding pending commit to queue","0027_add_console_blob_table"]
[62399][1582478085219][shared][info]["Migrations: Starting migration","0028_add_runner_data_table"]
[62399][1582478085220][shared][info]["Migrations: Setting context before starting migration","0028_add_runner_data_table",{"0000_initial":"finished","0001_add_archived_resources_table":"finished","0002_add_variable_sessions_table":"finished","0003_add_editor_tables":"finished","0004_migrate_ws_session_data":"finished","0005_cleanup_request_response_and_history_body":"finished","0006_add_dbp_to_request_response_and_history":"finished","0007_add_sync_client_buckets_by_order_id_table":"finished","0008_migrate_to_sync_client_buckets_by_order_id":"finished","0009_remove_sync_client_buckets_table":"finished","0010_add_history_owner":"finished","0011_add_history_response_table":"finished","0012_add_user_data_table":"finished","0013_sanitize_request_response_and_history_methods":"finished","0014_sanitize_response_requestobject_rawmodedata":"finished","0015_add_favorited_collections_table":"finished","0016_add_permission_table":"finished","0017_add_user_preferences_table":"finished","0018_index_header_presets":"finished","0019_migrate_favorite_collections_data":"finished","0020_migrate_sync_client_revision":"finished","0021_clear_permissions":"finished","0022_add_workspace_header_presets":"finished","0023_remove_collection_permissions_and_shared":"finished","0024_add_console_timelines_table":"started","0025_add_console_events_table":"started","0026_index_console_events":"started","0027_add_console_blob_table":"started","0028_add_runner_data_table":"started"}]
[62399][1582478085220][shared][info]["Migrations: Applying migration","0028_add_runner_data_table"]
[62399][1582478085220][shared][info]["Migrations: Upgrading IndexedDB to version","0028_add_runner_data_table",17]
[62399][1582478085223][shared][info]["Migrations: Adding pending commit to queue","0028_add_runner_data_table"]
[62399][1582478085223][shared][info]["Migrations: Starting migration","0029_add_api_schema_table"]
[62399][1582478085224][shared][info]["Migrations: Setting context before starting migration","0029_add_api_schema_table",{"0000_initial":"finished","0001_add_archived_resources_table":"finished","0002_add_variable_sessions_table":"finished","0003_add_editor_tables":"finished","0004_migrate_ws_session_data":"finished","0005_cleanup_request_response_and_history_body":"finished","0006_add_dbp_to_request_response_and_history":"finished","0007_add_sync_client_buckets_by_order_id_table":"finished","0008_migrate_to_sync_client_buckets_by_order_id":"finished","0009_remove_sync_client_buckets_table":"finished","0010_add_history_owner":"finished","0011_add_history_response_table":"finished","0012_add_user_data_table":"finished","0013_sanitize_request_response_and_history_methods":"finished","0014_sanitize_response_requestobject_rawmodedata":"finished","0015_add_favorited_collections_table":"finished","0016_add_permission_table":"finished","0017_add_user_preferences_table":"finished","0018_index_header_presets":"finished","0019_migrate_favorite_collections_data":"finished","0020_migrate_sync_client_revision":"finished","0021_clear_permissions":"finished","0022_add_workspace_header_presets":"finished","0023_remove_collection_permissions_and_shared":"finished","0024_add_console_timelines_table":"started","0025_add_console_events_table":"started","0026_index_console_events":"started","0027_add_console_blob_table":"started","0028_add_runner_data_table":"started","0029_add_api_schema_table":"started"}]
[62399][1582478085224][shared][info]["Migrations: Applying migration","0029_add_api_schema_table"]
[62399][1582478085224][shared][info]["Migrations: Upgrading IndexedDB to version","0029_add_api_schema_table",18]
[62399][1582478085226][shared][info]["Migrations: Adding pending commit to queue","0029_add_api_schema_table"]
[62399][1582478085227][shared][info]["Migrations: Starting migration","0030_migrate_collection_runs"]
[62399][1582478085227][shared][info]["Migrations: Flushing pending migrations for","0030_migrate_collection_runs"]
[62399][1582478085227][shared][info]["Migrations: Flushing pending commit for type","IndexeddbSchemaMigration"]
[62399][1582478085227][shared][info]["Migrations: Committing IndexedDB upgrade"]
[62399][1582478085337][shared][info]["Migrations: Updating status in migration context",{"0000_initial":"finished","0001_add_archived_resources_table":"finished","0002_add_variable_sessions_table":"finished","0003_add_editor_tables":"finished","0004_migrate_ws_session_data":"finished","0005_cleanup_request_response_and_history_body":"finished","0006_add_dbp_to_request_response_and_history":"finished","0007_add_sync_client_buckets_by_order_id_table":"finished","0008_migrate_to_sync_client_buckets_by_order_id":"finished","0009_remove_sync_client_buckets_table":"finished","0010_add_history_owner":"finished","0011_add_history_response_table":"finished","0012_add_user_data_table":"finished","0013_sanitize_request_response_and_history_methods":"finished","0014_sanitize_response_requestobject_rawmodedata":"finished","0015_add_favorited_collections_table":"finished","0016_add_permission_table":"finished","0017_add_user_preferences_table":"finished","0018_index_header_presets":"finished","0019_migrate_favorite_collections_data":"finished","0020_migrate_sync_client_revision":"finished","0021_clear_permissions":"finished","0022_add_workspace_header_presets":"finished","0023_remove_collection_permissions_and_shared":"finished","0024_add_console_timelines_table":"started","0025_add_console_events_table":"started","0026_index_console_events":"started","0027_add_console_blob_table":"started","0028_add_runner_data_table":"started","0029_add_api_schema_table":"started"}]
[62399][1582478085339][shared][info]["Migrations: Updated status in migration context",{"0000_initial":"finished","0001_add_archived_resources_table":"finished","0002_add_variable_sessions_table":"finished","0003_add_editor_tables":"finished","0004_migrate_ws_session_data":"finished","0005_cleanup_request_response_and_history_body":"finished","0006_add_dbp_to_request_response_and_history":"finished","0007_add_sync_client_buckets_by_order_id_table":"finished","0008_migrate_to_sync_client_buckets_by_order_id":"finished","0009_remove_sync_client_buckets_table":"finished","0010_add_history_owner":"finished","0011_add_history_response_table":"finished","0012_add_user_data_table":"finished","0013_sanitize_request_response_and_history_methods":"finished","0014_sanitize_response_requestobject_rawmodedata":"finished","0015_add_favorited_collections_table":"finished","0016_add_permission_table":"finished","0017_add_user_preferences_table":"finished","0018_index_header_presets":"finished","0019_migrate_favorite_collections_data":"finished","0020_migrate_sync_client_revision":"finished","0021_clear_permissions":"finished","0022_add_workspace_header_presets":"finished","0023_remove_collection_permissions_and_shared":"finished","0024_add_console_timelines_table":"finished","0025_add_console_events_table":"finished","0026_index_console_events":"finished","0027_add_console_blob_table":"finished","0028_add_runner_data_table":"finished","0029_add_api_schema_table":"finished"}]
[62399][1582478085342][shared][info]["Migrations: Setting context before starting migration","0030_migrate_collection_runs",{"0000_initial":"finished","0001_add_archived_resources_table":"finished","0002_add_variable_sessions_table":"finished","0003_add_editor_tables":"finished","0004_migrate_ws_session_data":"finished","0005_cleanup_request_response_and_history_body":"finished","0006_add_dbp_to_request_response_and_history":"finished","0007_add_sync_client_buckets_by_order_id_table":"finished","0008_migrate_to_sync_client_buckets_by_order_id":"finished","0009_remove_sync_client_buckets_table":"finished","0010_add_history_owner":"finished","0011_add_history_response_table":"finished","0012_add_user_data_table":"finished","0013_sanitize_request_response_and_history_methods":"finished","0014_sanitize_response_requestobject_rawmodedata":"finished","0015_add_favorited_collections_table":"finished","0016_add_permission_table":"finished","0017_add_user_preferences_table":"finished","0018_index_header_presets":"finished","0019_migrate_favorite_collections_data":"finished","0020_migrate_sync_client_revision":"finished","0021_clear_permissions":"finished","0022_add_workspace_header_presets":"finished","0023_remove_collection_permissions_and_shared":"finished","0024_add_console_timelines_table":"finished","0025_add_console_events_table":"finished","0026_index_console_events":"finished","0027_add_console_blob_table":"finished","0028_add_runner_data_table":"finished","0029_add_api_schema_table":"finished","0030_migrate_collection_runs":"started"}]
[62399][1582478085342][shared][info]["Migrations: Applying migration","0030_migrate_collection_runs"]
[62399][1582478085343][shared][info]["Migrations: Processing IndexedDB data migration","0030_migrate_collection_runs"]
[62399][1582478085348][shared][info]["Migration~CollectionRun: Migrating collection runs"]
[62399][1582478085523][shared][info]["Migrations: Saving migration context after completion","0030_migrate_collection_runs",{"0000_initial":"finished","0001_add_archived_resources_table":"finished","0002_add_variable_sessions_table":"finished","0003_add_editor_tables":"finished","0004_migrate_ws_session_data":"finished","0005_cleanup_request_response_and_history_body":"finished","0006_add_dbp_to_request_response_and_history":"finished","0007_add_sync_client_buckets_by_order_id_table":"finished","0008_migrate_to_sync_client_buckets_by_order_id":"finished","0009_remove_sync_client_buckets_table":"finished","0010_add_history_owner":"finished","0011_add_history_response_table":"finished","0012_add_user_data_table":"finished","0013_sanitize_request_response_and_history_methods":"finished","0014_sanitize_response_requestobject_rawmodedata":"finished","0015_add_favorited_collections_table":"finished","0016_add_permission_table":"finished","0017_add_user_preferences_table":"finished","0018_index_header_presets":"finished","0019_migrate_favorite_collections_data":"finished","0020_migrate_sync_client_revision":"finished","0021_clear_permissions":"finished","0022_add_workspace_header_presets":"finished","0023_remove_collection_permissions_and_shared":"finished","0024_add_console_timelines_table":"finished","0025_add_console_events_table":"finished","0026_index_console_events":"finished","0027_add_console_blob_table":"finished","0028_add_runner_data_table":"finished","0029_add_api_schema_table":"finished","0030_migrate_collection_runs":"started"}]
[62399][1582478085525][shared][info]["Migrations: Starting migration","0031_add_api_relation_table"]
[62399][1582478085525][shared][info]["Migrations: Setting context before starting migration","0031_add_api_relation_table",{"0000_initial":"finished","0001_add_archived_resources_table":"finished","0002_add_variable_sessions_table":"finished","0003_add_editor_tables":"finished","0004_migrate_ws_session_data":"finished","0005_cleanup_request_response_and_history_body":"finished","0006_add_dbp_to_request_response_and_history":"finished","0007_add_sync_client_buckets_by_order_id_table":"finished","0008_migrate_to_sync_client_buckets_by_order_id":"finished","0009_remove_sync_client_buckets_table":"finished","0010_add_history_owner":"finished","0011_add_history_response_table":"finished","0012_add_user_data_table":"finished","0013_sanitize_request_response_and_history_methods":"finished","0014_sanitize_response_requestobject_rawmodedata":"finished","0015_add_favorited_collections_table":"finished","0016_add_permission_table":"finished","0017_add_user_preferences_table":"finished","0018_index_header_presets":"finished","0019_migrate_favorite_collections_data":"finished","0020_migrate_sync_client_revision":"finished","0021_clear_permissions":"finished","0022_add_workspace_header_presets":"finished","0023_remove_collection_permissions_and_shared":"finished","0024_add_console_timelines_table":"finished","0025_add_console_events_table":"finished","0026_index_console_events":"finished","0027_add_console_blob_table":"finished","0028_add_runner_data_table":"finished","0029_add_api_schema_table":"finished","0030_migrate_collection_runs":"finished","0031_add_api_relation_table":"started"}]
[62399][1582478085526][shared][info]["Migrations: Applying migration","0031_add_api_relation_table"]
[62399][1582478085526][shared][info]["Migrations: Upgrading IndexedDB to version","0031_add_api_relation_table",19]
[62399][1582478085529][shared][info]["Migrations: Adding pending commit to queue","0031_add_api_relation_table"]
[62399][1582478085530][shared][info]["Migrations: Flushing pending commit steps"]
[62399][1582478085530][shared][info]["Migrations: Flushing pending commit for type","IndexeddbSchemaMigration"]
[62399][1582478085530][shared][info]["Migrations: Committing IndexedDB upgrade"]
[62399][1582478085598][shared][info]["Migrations: Updating status in migration context",{"0000_initial":"finished","0001_add_archived_resources_table":"finished","0002_add_variable_sessions_table":"finished","0003_add_editor_tables":"finished","0004_migrate_ws_session_data":"finished","0005_cleanup_request_response_and_history_body":"finished","0006_add_dbp_to_request_response_and_history":"finished","0007_add_sync_client_buckets_by_order_id_table":"finished","0008_migrate_to_sync_client_buckets_by_order_id":"finished","0009_remove_sync_client_buckets_table":"finished","0010_add_history_owner":"finished","0011_add_history_response_table":"finished","0012_add_user_data_table":"finished","0013_sanitize_request_response_and_history_methods":"finished","0014_sanitize_response_requestobject_rawmodedata":"finished","0015_add_favorited_collections_table":"finished","0016_add_permission_table":"finished","0017_add_user_preferences_table":"finished","0018_index_header_presets":"finished","0019_migrate_favorite_collections_data":"finished","0020_migrate_sync_client_revision":"finished","0021_clear_permissions":"finished","0022_add_workspace_header_presets":"finished","0023_remove_collection_permissions_and_shared":"finished","0024_add_console_timelines_table":"finished","0025_add_console_events_table":"finished","0026_index_console_events":"finished","0027_add_console_blob_table":"finished","0028_add_runner_data_table":"finished","0029_add_api_schema_table":"finished","0030_migrate_collection_runs":"finished","0031_add_api_relation_table":"started"}]
[62399][1582478085600][shared][info]["Migrations: Updated status in migration context",{"0000_initial":"finished","0001_add_archived_resources_table":"finished","0002_add_variable_sessions_table":"finished","0003_add_editor_tables":"finished","0004_migrate_ws_session_data":"finished","0005_cleanup_request_response_and_history_body":"finished","0006_add_dbp_to_request_response_and_history":"finished","0007_add_sync_client_buckets_by_order_id_table":"finished","0008_migrate_to_sync_client_buckets_by_order_id":"finished","0009_remove_sync_client_buckets_table":"finished","0010_add_history_owner":"finished","0011_add_history_response_table":"finished","0012_add_user_data_table":"finished","0013_sanitize_request_response_and_history_methods":"finished","0014_sanitize_response_requestobject_rawmodedata":"finished","0015_add_favorited_collections_table":"finished","0016_add_permission_table":"finished","0017_add_user_preferences_table":"finished","0018_index_header_presets":"finished","0019_migrate_favorite_collections_data":"finished","0020_migrate_sync_client_revision":"finished","0021_clear_permissions":"finished","0022_add_workspace_header_presets":"finished","0023_remove_collection_permissions_and_shared":"finished","0024_add_console_timelines_table":"finished","0025_add_console_events_table":"finished","0026_index_console_events":"finished","0027_add_console_blob_table":"finished","0028_add_runner_data_table":"finished","0029_add_api_schema_table":"finished","0030_migrate_collection_runs":"finished","0031_add_api_relation_table":"finished"}]
[62399][1582478085602][shared][info]["Migration: Finished all migrations"]
[62399][1582478086121][shared][info]["bootstrapModels - Success"]
[62399][1582478086122][shared][info]["WLModels~boot - Success"]
[62399][1582478086165][shared][info]["initializeConfigurationsValues - Success"]
[62399][1582478086326][shared][info]["Migrate - Bailed out due to:","FRESH_INSTALL"]
[62399][1582478086364][shared][info]["AppModels~boot - Success"]
[62399][1582478086371][shared][info]["SharedRuntimeListeners~boot - Success"]
[62399][1582478086409][shared][info]["Sync~boot - Success"]
[62399][1582478086411][shared][info]["Shared~boot - Success"]
[62399][1582478086412][shared][info]["booted - shared"]
[62889][1582478225760][shared][info]["EventBus~initialize - Success"]
[62889][1582478225764][shared][info]["Messaging~boot - Success"]
[62889][1582478225786][shared][info]["bootCrashReporter~ Success"]
[62889][1582478225790][shared][info]["Telemetry~boot - Success"]
[62889][1582478225792][shared][info]["bootConfigurations~initialize - Success"]
[62889][1582478225795][shared][info]["Settings~boot - Success"]
[62889][1582478225796][shared][info]["Migrations: Skipping migrations. No migrations to apply."]
[62889][1582478226075][shared][info]["bootstrapModels - Success"]
[62889][1582478226076][shared][info]["WLModels~boot - Success"]
[62889][1582478226121][shared][info]["initializeConfigurationsValues - Success"]
[62889][1582478226219][shared][info]["Migrate - Bailed out due to:","FRESH_INSTALL"]
[62889][1582478226262][shared][info]["AppModels~boot - Success"]
[62889][1582478226269][shared][info]["SharedRuntimeListeners~boot - Success"]
[62889][1582478226312][shared][info]["Sync~boot - Success"]
[62889][1582478226314][shared][info]["Shared~boot - Success"]
[62889][1582478226314][shared][info]["booted - shared"]
[62889][1582478235276][shared][info]["UI pulled the session locked information on init"]
[62889][1582478405468][shared][info]["PostLoginService: Starting post login migration"]
[62889][1582478405468][shared][info]["PostLoginService: Backing up user data"]
[62889][1582478405641][shared][info]["PostLoginService: Finished backing up user data"]
[62889][1582478405642][shared][info]["PostLoginService: Creating new workspace"]
[62889][1582478405775][shared][info]["PostLoginService: Creating changesets for unsynced changes"]
[62889][1582478405800][shared][info]["PostLoginService: Changing owner in models"]
[62889][1582478405813][shared][info]["PostLoginService: Changing user id reference in models"]
[62889][1582478405817][shared][info]["PostLoginService: Changing owner id workspace dependencies"]
[62889][1582478405823][shared][info]["PostLoginService: Rewiring globals"]
[62889][1582478405969][shared][info]["PostLoginService: Rewiring variable sessions"]
[62889][1582478405980][shared][info]["PostLoginService: Updating workspace sessions"]
[62889][1582478406049][shared][info]["PostLoginService: Deleting old workspace"]
[62889][1582478408600][shared][warn]["GateKeeperService~_handleKeyUpdate: Invalid key type provided",{"type":"flags","value":false}]
[62889][1582478408600][shared][info]["GateKeeperService~onNotificationToggle Key value toggled for Notification to true"]
[62889][1582478408602][shared][info]["GateKeeperService~onSyncToggle Key value toggled for Sync to true"]
[62889][1582478408602][shared][info]["GateKeeperService~onWebsocketToggle Key value toggled for Websocket to true"]
[62889][1582478408603][shared][warn]["SyncManagerNew~attachGateKeeperHandlers: listening to notification event",{"data":{"isEnabled":true},"name":"notification","namespace":"gatekeeper"}]
[62889][1582478408604][shared][warn]["SyncManagerNew~attachGateKeeperHandlers: listening to sync event",{"data":{"isEnabled":true},"name":"sync","namespace":"gatekeeper"}]
[62889][1582478408611][shared][warn]["SyncManagerNew~attachGateKeeperHandlers: listening to websocket event",{"data":{"isEnabled":true},"name":"websocket","namespace":"gatekeeper"}]
[62889][1582478410182][shared][info]["SyncTimelineHelper: Force stopping all timelines"]
[62889][1582478410207][shared][info]["BaseSyncTimeline~subscribe: Subscribing to real time changes for user:10491238"]
[62889][1582478410215][shared][info]["BaseSyncTimeline~_sync: Starting sync for user:10491238"]
[62889][1582478410227][shared][info]["BaseSyncTimeline~getPendingClientChanges: Starting to get pending changes for user:10491238"]
[62889][1582478410231][shared][info]["BaseSyncTimeline~getPendingClientChanges: Finished to get pending changes for user:10491238"]
[62889][1582478410233][shared][info]["BaseSyncTimeline~getPendingServerChanges: Starting /sync call for user:10491238"]
[62889][1582478410489][shared][info]["BaseSyncTimeline~getPendingServerChanges: Finished /sync call for user:10491238"]
[62889][1582478410491][shared][info]["BaseSyncTimeline~processServerChange: Started processing changeset for workspace:join:8271e477-d2b2-447e-824a-39dc847f1606 Timeline:user:10491238"]
[62889][1582478410494][shared][info]["BaseSyncTimeline~subscribe: Subscribing to real time changes for workspace:8271e477-d2b2-447e-824a-39dc847f1606"]
[62889][1582478410494][shared][info]["BaseSyncTimeline~_sync: Starting sync for workspace:8271e477-d2b2-447e-824a-39dc847f1606"]
[62889][1582478410497][shared][info]["BaseSyncTimeline~processServerChange: Finished processing changeset for workspace:join:8271e477-d2b2-447e-824a-39dc847f1606 Timeline:user:10491238"]
[62889][1582478410503][shared][info]["BaseSyncTimeline~getPendingClientChanges: Starting to get pending changes for workspace:8271e477-d2b2-447e-824a-39dc847f1606"]
[62889][1582478410506][shared][info]["BaseSyncTimeline~getPendingClientChanges: Finished to get pending changes for workspace:8271e477-d2b2-447e-824a-39dc847f1606"]
[62889][1582478410507][shared][info]["BaseSyncTimeline~getPendingServerChanges: Starting /sync call for workspace:8271e477-d2b2-447e-824a-39dc847f1606"]
[62889][1582478410735][shared][info]["BaseSyncTimeline~SyncFinishedObservable: Successful sync proceeding with integrity check and force sync for user:10491238"]
[62889][1582478410737][shared][info]["BaseSyncTimeline~handleIntegrityChecks: Starting integrity check for user:10491238"]
[62889][1582478410760][shared][info]["BaseSyncTimeline~getPendingServerChanges: Finished /sync call for workspace:8271e477-d2b2-447e-824a-39dc847f1606"]
[62889][1582478410763][shared][info]["BaseSyncTimeline~processServerChange: Started processing changeset for workspace:create:8271e477-d2b2-447e-824a-39dc847f1606 Timeline:workspace:8271e477-d2b2-447e-824a-39dc847f1606"]
[62889][1582478410828][shared][info]["BaseSyncTimeline~processServerChange: Finished processing changeset for workspace:create:8271e477-d2b2-447e-824a-39dc847f1606 Timeline:workspace:8271e477-d2b2-447e-824a-39dc847f1606"]
[62889][1582478410830][shared][info]["BaseSyncTimeline~processServerChange: Started processing changeset for globals:create:60f21e84-17ff-46f4-8ae4-e9438bc5358c Timeline:workspace:8271e477-d2b2-447e-824a-39dc847f1606"]
[62889][1582478411004][shared][info]["BaseSyncTimeline~handleIntegrityChecks: Finished integrity check for user:10491238"]
[62889][1582478411005][shared][info]["BaseSyncTimeline~_handleForceSync: Bailing out of force sync for user:10491238"]
[62889][1582478411057][shared][info]["BaseSyncTimeline~processServerChange: Finished processing changeset for globals:create:60f21e84-17ff-46f4-8ae4-e9438bc5358c Timeline:workspace:8271e477-d2b2-447e-824a-39dc847f1606"]
[62889][1582478411121][shared][info]["BaseSyncTimeline~SyncFinishedObservable: Successful sync proceeding with integrity check and force sync for workspace:8271e477-d2b2-447e-824a-39dc847f1606"]
[62889][1582478411123][shared][info]["BaseSyncTimeline~handleIntegrityChecks: Starting integrity check for workspace:8271e477-d2b2-447e-824a-39dc847f1606"]
[62889][1582478411392][shared][info]["BaseSyncTimeline~handleIntegrityChecks: Finished integrity check for workspace:8271e477-d2b2-447e-824a-39dc847f1606"]
[62889][1582478411392][shared][info]["BaseSyncTimeline~_handleForceSync: Bailing out of force sync for workspace:8271e477-d2b2-447e-824a-39dc847f1606"]
[62889][1582478425810][shared][info]["RealtimeSyncMessageService~publishRealtimeIncomingMessage: Message received api:create Timeline in message: undefined:undefined"]
[62889][1582478425813][shared][info]["RealtimeSyncMessageService~publishRealtimeIncomingMessage: Message received api:addedToWorkspace Timeline in message: undefined:undefined"]
