[62399][1582478073142][shell][info]["EventBus~initialize - Success"]
[62399][1582478073355][shell][info]["bootShellCrashReporter~ Success"]
[62399][1582478073364][shell][info]["shellController~init: Success"]
[62399][1582478073365][shell][info]["shellMeta~init: Success"]
[62399][1582478073662][shell][info]["init~setViewAttributes - Initializing view with opts:",{"devtools":false,"id":2,"startTime":1582478068021,"type":"shared","partitionId":"default"}]
[62399][1582478073668][shell][info]["init~setViewAttributes - Success"]
[62399][1582478087243][shell][info]["EventBus~initialize - Success"]
[62399][1582478087267][shell][info]["bootShellCrashReporter~ Success"]
[62399][1582478087274][shell][info]["shellController~init: Success"]
[62399][1582478087274][shell][info]["shellMeta~init: Success"]
[62399][1582478087296][shell][info]["init~setViewAttributes - Initializing view with opts:",{"allIds":[4],"devtools":false,"id":4,"primaryId":4,"startTime":1582478086460,"type":"requester","partitionId":"default"}]
[62399][1582478087298][shell][info]["init~setViewAttributes - Success"]
[62889][1582478222257][shell][info]["EventBus~initialize - Success"]
[62889][1582478222280][shell][info]["bootShellCrashReporter~ Success"]
[62889][1582478222285][shell][info]["shellController~init: Success"]
[62889][1582478222286][shell][info]["shellMeta~init: Success"]
[62889][1582478222312][shell][info]["init~setViewAttributes - Initializing view with opts:",{"devtools":false,"id":2,"startTime":1582478220921,"type":"shared","partitionId":"default"}]
[62889][1582478222317][shell][info]["init~setViewAttributes - Success"]
[62889][1582478226925][shell][info]["EventBus~initialize - Success"]
[62889][1582478226957][shell][info]["bootShellCrashReporter~ Success"]
[62889][1582478226961][shell][info]["shellController~init: Success"]
[62889][1582478226962][shell][info]["shellMeta~init: Success"]
[62889][1582478226997][shell][info]["init~setViewAttributes - Initializing view with opts:",{"allIds":[4],"devtools":false,"id":4,"primaryId":4,"startTime":1582478226373,"type":"requester","partitionId":"default"}]
[62889][1582478226999][shell][info]["init~setViewAttributes - Success"]
